[debug] [2022-03-31T15:29:59.005Z] ----------------------------------------------------------------------
[debug] [2022-03-31T15:29:59.008Z] Command:       /usr/local/bin/node /Users/steve/.npm-global/bin/firebase emulators:start --only functions
[debug] [2022-03-31T15:29:59.009Z] CLI Version:   10.5.0
[debug] [2022-03-31T15:29:59.009Z] Platform:      darwin
[debug] [2022-03-31T15:29:59.009Z] Node Version:  v16.14.0
[debug] [2022-03-31T15:29:59.011Z] Time:          Thu Mar 31 2022 17:29:59 GMT+0200 (heure d’été d’Europe centrale)
[debug] [2022-03-31T15:29:59.011Z] ----------------------------------------------------------------------
[debug] 
[debug] [2022-03-31T15:29:59.105Z] > command requires scopes: ["email","openid","https://www.googleapis.com/auth/cloudplatformprojects.readonly","https://www.googleapis.com/auth/firebase","https://www.googleapis.com/auth/cloud-platform"]
[debug] [2022-03-31T15:29:59.106Z] > authorizing via signed-in user (stevediaspro@gmail.com)
[info] i  emulators: Starting emulators: functions {"metadata":{"emulator":{"name":"hub"},"message":"Starting emulators: functions"}}
[debug] [2022-03-31T15:29:59.189Z] [hub] writing locator at /var/folders/m5/f4578y3x11j557csg_f6fk080000gn/T/hub-unadn-ed7cc.json
[warn] ⚠  functions: The following emulators are not running, calls to these services from the Functions emulator will affect production: auth, firestore, database, hosting, pubsub, storage {"metadata":{"emulator":{"name":"functions"},"message":"The following emulators are not running, calls to these services from the Functions emulator will affect production: \u001b[1mauth, firestore, database, hosting, pubsub, storage\u001b[22m"}}
[info] ✔  functions: Using node@16 from host. {"metadata":{"emulator":{"name":"functions"},"message":"Using node@16 from host."}}
[debug] [2022-03-31T15:29:59.240Z] defaultcredentials: writing to file /Users/steve/.config/firebase/stevediaspro_gmail_com_application_default_credentials.json
[debug] [2022-03-31T15:29:59.275Z] Setting GAC to /Users/steve/.config/firebase/stevediaspro_gmail_com_application_default_credentials.json {"metadata":{"emulator":{"name":"functions"},"message":"Setting GAC to /Users/steve/.config/firebase/stevediaspro_gmail_com_application_default_credentials.json"}}
[debug] [2022-03-31T15:29:59.285Z] > refreshing access token with scopes: []
[debug] [2022-03-31T15:29:59.287Z] >>> HTTP REQUEST POST https://www.googleapis.com/oauth2/v3/token  
 <request body omitted>
[debug] [2022-03-31T15:29:59.357Z] <<< HTTP RESPONSE 200 {"expires":"Mon, 01 Jan 1990 00:00:00 GMT","pragma":"no-cache","date":"Thu, 31 Mar 2022 15:29:59 GMT","cache-control":"no-cache, no-store, max-age=0, must-revalidate","content-type":"application/json; charset=utf-8","vary":"X-Origin, Referer, Origin,Accept-Encoding","server":"scaffolding on HTTPServer2","x-xss-protection":"0","x-frame-options":"SAMEORIGIN","x-content-type-options":"nosniff","alt-svc":"h3=\":443\"; ma=2592000,h3-29=\":443\"; ma=2592000,h3-Q050=\":443\"; ma=2592000,h3-Q046=\":443\"; ma=2592000,h3-Q043=\":443\"; ma=2592000,quic=\":443\"; ma=2592000; v=\"46,43\"","accept-ranges":"none","transfer-encoding":"chunked"}
[debug] [2022-03-31T15:29:59.375Z] >>> [apiv2][query] GET https://firebase.googleapis.com/v1beta1/projects/unadn-ed7cc/adminSdkConfig [none]
[debug] [2022-03-31T15:29:59.579Z] <<< [apiv2][status] GET https://firebase.googleapis.com/v1beta1/projects/unadn-ed7cc/adminSdkConfig 200
[debug] [2022-03-31T15:29:59.580Z] <<< [apiv2][body] GET https://firebase.googleapis.com/v1beta1/projects/unadn-ed7cc/adminSdkConfig {"projectId":"unadn-ed7cc","storageBucket":"unadn-ed7cc.appspot.com"}
[warn] ⚠  ui: Emulator UI unable to start on port 4000, starting on 4001 instead. {"metadata":{"emulator":{"name":"ui"},"message":"Emulator UI unable to start on port 4000, starting on 4001 instead."}}
[debug] [2022-03-31T15:29:59.891Z] Ignoring unsupported arg: auto_download {"metadata":{"emulator":{"name":"ui"},"message":"Ignoring unsupported arg: auto_download"}}
[debug] [2022-03-31T15:29:59.892Z] Ignoring unsupported arg: port {"metadata":{"emulator":{"name":"ui"},"message":"Ignoring unsupported arg: port"}}
[debug] [2022-03-31T15:29:59.892Z] Starting Emulator UI with command {"binary":"node","args":["/Users/steve/.cache/firebase/emulators/ui-v1.6.5/server.bundle.js"],"optionalArgs":[],"joinArgs":false} {"metadata":{"emulator":{"name":"ui"},"message":"Starting Emulator UI with command {\"binary\":\"node\",\"args\":[\"/Users/steve/.cache/firebase/emulators/ui-v1.6.5/server.bundle.js\"],\"optionalArgs\":[],\"joinArgs\":false}"}}
[info] i  ui: Emulator UI logging to ui-debug.log {"metadata":{"emulator":{"name":"ui"},"message":"Emulator UI logging to \u001b[1mui-debug.log\u001b[22m"}}
[debug] [2022-03-31T15:30:00.102Z] Web / API server started at localhost:4001
 {"metadata":{"emulator":{"name":"ui"},"message":"Web / API server started at localhost:4001\n"}}
[info] i  functions: Watching "/Users/steve/Documents/Codes/unadn-app/functions" for Cloud Functions... {"metadata":{"emulator":{"name":"functions"},"message":"Watching \"/Users/steve/Documents/Codes/unadn-app/functions\" for Cloud Functions..."}}
[debug] [2022-03-31T15:30:00.190Z] Validating nodejs source
[debug] [2022-03-31T15:30:02.053Z] > [functions] package.json contents: {
  "name": "functions",
  "description": "Cloud Functions for Firebase",
  "scripts": {
    "lint": "eslint .",
    "serve": "firebase emulators:start --only functions",
    "shell": "firebase functions:shell",
    "start": "npm run shell",
    "deploy": "firebase deploy --only functions",
    "logs": "firebase functions:log"
  },
  "engines": {
    "node": "16"
  },
  "main": "index.js",
  "dependencies": {
    "cors": "^2.8.5",
    "express": "^4.17.3",
    "firebase-admin": "^10.0.2",
    "firebase-functions": "^3.18.0"
  },
  "devDependencies": {
    "eslint": "^8.9.0",
    "eslint-config-google": "^0.14.0",
    "firebase-functions-test": "^0.2.0"
  },
  "private": true
}
[debug] [2022-03-31T15:30:02.054Z] Building nodejs source
[debug] [2022-03-31T15:30:02.054Z] Analyzing nodejs backend spec
[info] ✔  functions[us-central1-api]: http function initialized (http://localhost:5001/unadn-ed7cc/us-central1/api). {"metadata":{"emulator":{"name":"functions"},"message":"\u001b[1mhttp\u001b[22m function initialized (http://localhost:5001/unadn-ed7cc/us-central1/api)."}}
[info] 
┌─────────────────────────────────────────────────────────────┐
│ ✔  All emulators ready! It is now safe to connect your app. │
│ i  View Emulator UI at http://localhost:4001                │
└─────────────────────────────────────────────────────────────┘

┌───────────┬────────────────┬─────────────────────────────────┐
│ Emulator  │ Host:Port      │ View in Emulator UI             │
├───────────┼────────────────┼─────────────────────────────────┤
│ Functions │ localhost:5001 │ http://localhost:4001/functions │
└───────────┴────────────────┴─────────────────────────────────┘
  Emulator Hub running at localhost:4400
  Other reserved ports: 4500

Issues? Report them at https://github.com/firebase/firebase-tools/issues and attach the *-debug.log files.
 
[debug] [2022-03-31T15:32:00.510Z] [work-queue] {"queueLength":1,"workRunningCount":0}
[debug] [2022-03-31T15:32:00.510Z] [work-queue] {"queueLength":0,"workRunningCount":1}
[debug] [2022-03-31T15:32:00.511Z] Accepted request OPTIONS /unadn-ed7cc/us-central1/api/payments/create --> us-central1-api
[debug] [2022-03-31T15:32:00.521Z] [worker-pool] addWorker(us-central1-api) {"metadata":{"emulator":{"name":"functions"},"message":"[worker-pool] addWorker(us-central1-api)"}}
[debug] [2022-03-31T15:32:00.522Z] [worker-pool] Adding worker with key us-central1-api, total=1 {"metadata":{"emulator":{"name":"functions"},"message":"[worker-pool] Adding worker with key us-central1-api, total=1"}}
[debug] [2022-03-31T15:32:00.522Z] [worker-pool] submitWork(triggerId=us-central1-api) {"metadata":{"emulator":{"name":"functions"},"message":"[worker-pool] submitWork(triggerId=us-central1-api)"}}
[debug] [2022-03-31T15:32:00.524Z] [worker-us-central1-api-a3a0a6f0-0b9a-40a3-a08f-de62d8e2d7fa]: Assigning socketPath: /var/folders/m5/f4578y3x11j557csg_f6fk080000gn/T/fire_emu_4465.sock {"metadata":{"emulator":{"name":"functions"},"message":"[worker-us-central1-api-a3a0a6f0-0b9a-40a3-a08f-de62d8e2d7fa]: Assigning socketPath: /var/folders/m5/f4578y3x11j557csg_f6fk080000gn/T/fire_emu_4465.sock"}}
[debug] [2022-03-31T15:32:00.524Z] [worker-us-central1-api-a3a0a6f0-0b9a-40a3-a08f-de62d8e2d7fa]: BUSY {"metadata":{"emulator":{"name":"functions"},"message":"[worker-us-central1-api-a3a0a6f0-0b9a-40a3-a08f-de62d8e2d7fa]: BUSY"}}
[debug] [2022-03-31T15:32:02.130Z] [runtime-status] [4465] Functions runtime initialized. {"cwd":"/Users/steve/Documents/Codes/unadn-app/functions","node_version":"16.14.0"} {"metadata":{"emulator":{"name":"functions"},"function":{"name":"us-central1-api"},"extension":{},"message":"[runtime-status] [4465] Functions runtime initialized. {\"cwd\":\"/Users/steve/Documents/Codes/unadn-app/functions\",\"node_version\":\"16.14.0\"}"}}
[debug] [2022-03-31T15:32:02.137Z] [runtime-status] [4465] Disabled runtime features: undefined {"metadata":{"emulator":{"name":"functions"},"function":{"name":"us-central1-api"},"extension":{},"message":"[runtime-status] [4465] Disabled runtime features: undefined"}}
[debug] [2022-03-31T15:32:02.141Z] [runtime-status] [4465] Resolved module firebase-admin {"declared":true,"installed":true,"version":"10.0.2","resolution":"/Users/steve/Documents/Codes/unadn-app/functions/node_modules/firebase-admin/lib/index.js"} {"metadata":{"emulator":{"name":"functions"},"function":{"name":"us-central1-api"},"extension":{},"message":"[runtime-status] [4465] Resolved module firebase-admin {\"declared\":true,\"installed\":true,\"version\":\"10.0.2\",\"resolution\":\"/Users/steve/Documents/Codes/unadn-app/functions/node_modules/firebase-admin/lib/index.js\"}"}}
[debug] [2022-03-31T15:32:02.142Z] [runtime-status] [4465] Resolved module firebase-functions {"declared":true,"installed":true,"version":"3.19.0","resolution":"/Users/steve/Documents/Codes/unadn-app/functions/node_modules/firebase-functions/lib/index.js"} {"metadata":{"emulator":{"name":"functions"},"function":{"name":"us-central1-api"},"extension":{},"message":"[runtime-status] [4465] Resolved module firebase-functions {\"declared\":true,\"installed\":true,\"version\":\"3.19.0\",\"resolution\":\"/Users/steve/Documents/Codes/unadn-app/functions/node_modules/firebase-functions/lib/index.js\"}"}}
[debug] [2022-03-31T15:32:02.143Z] [runtime-status] [4465] Outgoing network have been stubbed. [{"name":"http","status":"mocked"},{"name":"http","status":"mocked"},{"name":"https","status":"mocked"},{"name":"https","status":"mocked"},{"name":"net","status":"mocked"}] {"metadata":{"emulator":{"name":"functions"},"function":{"name":"us-central1-api"},"extension":{},"message":"[runtime-status] [4465] Outgoing network have been stubbed. [{\"name\":\"http\",\"status\":\"mocked\"},{\"name\":\"http\",\"status\":\"mocked\"},{\"name\":\"https\",\"status\":\"mocked\"},{\"name\":\"https\",\"status\":\"mocked\"},{\"name\":\"net\",\"status\":\"mocked\"}]"}}
[debug] [2022-03-31T15:32:02.144Z] [runtime-status] [4465] Resolved module firebase-functions {"declared":true,"installed":true,"version":"3.19.0","resolution":"/Users/steve/Documents/Codes/unadn-app/functions/node_modules/firebase-functions/lib/index.js"} {"metadata":{"emulator":{"name":"functions"},"function":{"name":"us-central1-api"},"extension":{},"message":"[runtime-status] [4465] Resolved module firebase-functions {\"declared\":true,\"installed\":true,\"version\":\"3.19.0\",\"resolution\":\"/Users/steve/Documents/Codes/unadn-app/functions/node_modules/firebase-functions/lib/index.js\"}"}}
[debug] [2022-03-31T15:32:02.193Z] [runtime-status] [4465] Checked functions.config() {"config":{}} {"metadata":{"emulator":{"name":"functions"},"function":{"name":"us-central1-api"},"extension":{},"message":"[runtime-status] [4465] Checked functions.config() {\"config\":{}}"}}
[debug] [2022-03-31T15:32:02.193Z] [runtime-status] [4465] firebase-functions has been stubbed. {"functionsResolution":{"declared":true,"installed":true,"version":"3.19.0","resolution":"/Users/steve/Documents/Codes/unadn-app/functions/node_modules/firebase-functions/lib/index.js"}} {"metadata":{"emulator":{"name":"functions"},"function":{"name":"us-central1-api"},"extension":{},"message":"[runtime-status] [4465] firebase-functions has been stubbed. {\"functionsResolution\":{\"declared\":true,\"installed\":true,\"version\":\"3.19.0\",\"resolution\":\"/Users/steve/Documents/Codes/unadn-app/functions/node_modules/firebase-functions/lib/index.js\"}}"}}
[debug] [2022-03-31T15:32:02.195Z] [runtime-status] [4465] Resolved module firebase-functions {"declared":true,"installed":true,"version":"3.19.0","resolution":"/Users/steve/Documents/Codes/unadn-app/functions/node_modules/firebase-functions/lib/index.js"} {"metadata":{"emulator":{"name":"functions"},"function":{"name":"us-central1-api"},"extension":{},"message":"[runtime-status] [4465] Resolved module firebase-functions {\"declared\":true,\"installed\":true,\"version\":\"3.19.0\",\"resolution\":\"/Users/steve/Documents/Codes/unadn-app/functions/node_modules/firebase-functions/lib/index.js\"}"}}
[debug] [2022-03-31T15:32:02.196Z] [runtime-status] [4465] Resolved module firebase-admin {"declared":true,"installed":true,"version":"10.0.2","resolution":"/Users/steve/Documents/Codes/unadn-app/functions/node_modules/firebase-admin/lib/index.js"} {"metadata":{"emulator":{"name":"functions"},"function":{"name":"us-central1-api"},"extension":{},"message":"[runtime-status] [4465] Resolved module firebase-admin {\"declared\":true,\"installed\":true,\"version\":\"10.0.2\",\"resolution\":\"/Users/steve/Documents/Codes/unadn-app/functions/node_modules/firebase-admin/lib/index.js\"}"}}
[debug] [2022-03-31T15:32:02.199Z] [runtime-status] [4465] Resolved module firebase-functions {"declared":true,"installed":true,"version":"3.19.0","resolution":"/Users/steve/Documents/Codes/unadn-app/functions/node_modules/firebase-functions/lib/index.js"} {"metadata":{"emulator":{"name":"functions"},"function":{"name":"us-central1-api"},"extension":{},"message":"[runtime-status] [4465] Resolved module firebase-functions {\"declared\":true,\"installed\":true,\"version\":\"3.19.0\",\"resolution\":\"/Users/steve/Documents/Codes/unadn-app/functions/node_modules/firebase-functions/lib/index.js\"}"}}
[debug] [2022-03-31T15:32:02.199Z] [runtime-status] [4465] firebase-admin has been stubbed. {"adminResolution":{"declared":true,"installed":true,"version":"10.0.2","resolution":"/Users/steve/Documents/Codes/unadn-app/functions/node_modules/firebase-admin/lib/index.js"}} {"metadata":{"emulator":{"name":"functions"},"function":{"name":"us-central1-api"},"extension":{},"message":"[runtime-status] [4465] firebase-admin has been stubbed. {\"adminResolution\":{\"declared\":true,\"installed\":true,\"version\":\"10.0.2\",\"resolution\":\"/Users/steve/Documents/Codes/unadn-app/functions/node_modules/firebase-admin/lib/index.js\"}}"}}
[debug] [2022-03-31T15:32:02.342Z] [runtime-status] [4465] Beginning invocation function api! {"metadata":{"emulator":{"name":"functions"},"function":{"name":"us-central1-api"},"extension":{},"message":"[runtime-status] [4465] Beginning invocation function api!"}}
[info] i  functions: Beginning execution of "api" {"metadata":{"emulator":{"name":"functions"},"function":{"name":"us-central1-api"},"extension":{},"message":"Beginning execution of \"api\""}}
[debug] [2022-03-31T15:32:02.344Z] [runtime-status] [4465] Running api in signature http {"metadata":{"emulator":{"name":"functions"},"function":{"name":"us-central1-api"},"extension":{},"message":"[runtime-status] [4465] Running api in signature http"}}
[debug] [2022-03-31T15:32:02.348Z] [runtime-status] [4465] Attempting to listen to socketPath: /var/folders/m5/f4578y3x11j557csg_f6fk080000gn/T/fire_emu_4465.sock {"metadata":{"emulator":{"name":"functions"},"function":{"name":"us-central1-api"},"extension":{},"message":"[runtime-status] [4465] Attempting to listen to socketPath: /var/folders/m5/f4578y3x11j557csg_f6fk080000gn/T/fire_emu_4465.sock"}}
[debug] [2022-03-31T15:32:02.355Z] [functions] Runtime ready! Sending request! {"metadata":{"emulator":{"name":"functions"},"message":"[functions] Runtime ready! Sending request!"}}
[debug] [2022-03-31T15:32:02.356Z] [functions] Got req.url=/unadn-ed7cc/us-central1/api/payments/create, mapping to path=/payments/create {"metadata":{"emulator":{"name":"functions"},"message":"[functions] Got req.url=/unadn-ed7cc/us-central1/api/payments/create, mapping to path=/payments/create"}}
[debug] [2022-03-31T15:32:02.367Z] [runtime-status] [4465] Ephemeral server handling OPTIONS request {"metadata":{"emulator":{"name":"functions"},"function":{"name":"us-central1-api"},"extension":{},"message":"[runtime-status] [4465] Ephemeral server handling OPTIONS request"}}
[debug] [2022-03-31T15:32:02.381Z] [work-queue] {"queueLength":1,"workRunningCount":1}
[debug] [2022-03-31T15:32:02.381Z] [work-queue] {"queueLength":0,"workRunningCount":2}
[debug] [2022-03-31T15:32:02.381Z] Accepted request POST /unadn-ed7cc/us-central1/api/payments/create --> us-central1-api
[debug] [2022-03-31T15:32:02.387Z] [worker-pool] addWorker(us-central1-api) {"metadata":{"emulator":{"name":"functions"},"message":"[worker-pool] addWorker(us-central1-api)"}}
[debug] [2022-03-31T15:32:02.387Z] [worker-pool] Adding worker with key us-central1-api, total=2 {"metadata":{"emulator":{"name":"functions"},"message":"[worker-pool] Adding worker with key us-central1-api, total=2"}}
[debug] [2022-03-31T15:32:02.388Z] [worker-pool] submitWork(triggerId=us-central1-api) {"metadata":{"emulator":{"name":"functions"},"message":"[worker-pool] submitWork(triggerId=us-central1-api)"}}
[debug] [2022-03-31T15:32:02.388Z] [worker-us-central1-api-1ab145a1-22df-4c38-ab4c-9a48bfd17345]: Assigning socketPath: /var/folders/m5/f4578y3x11j557csg_f6fk080000gn/T/fire_emu_4466.sock {"metadata":{"emulator":{"name":"functions"},"message":"[worker-us-central1-api-1ab145a1-22df-4c38-ab4c-9a48bfd17345]: Assigning socketPath: /var/folders/m5/f4578y3x11j557csg_f6fk080000gn/T/fire_emu_4466.sock"}}
[debug] [2022-03-31T15:32:02.389Z] [worker-us-central1-api-1ab145a1-22df-4c38-ab4c-9a48bfd17345]: BUSY {"metadata":{"emulator":{"name":"functions"},"message":"[worker-us-central1-api-1ab145a1-22df-4c38-ab4c-9a48bfd17345]: BUSY"}}
[debug] [2022-03-31T15:32:02.389Z] [runtime-status] [4465] Ephemeral server survived. {"metadata":{"emulator":{"name":"functions"},"function":{"name":"us-central1-api"},"extension":{},"message":"[runtime-status] [4465] Ephemeral server survived."}}
[info] i  functions: Finished "api" in ~1s {"metadata":{"emulator":{"name":"functions"},"function":{"name":"us-central1-api"},"extension":{},"message":"Finished \"api\" in ~1s"}}
[debug] [2022-03-31T15:32:02.390Z] [worker-us-central1-api-a3a0a6f0-0b9a-40a3-a08f-de62d8e2d7fa]: IDLE {"metadata":{"emulator":{"name":"functions"},"message":"[worker-us-central1-api-a3a0a6f0-0b9a-40a3-a08f-de62d8e2d7fa]: IDLE"}}
[debug] [2022-03-31T15:32:02.391Z] [work-queue] {"queueLength":0,"workRunningCount":1}
[debug] [2022-03-31T15:32:04.041Z] [runtime-status] [4466] Functions runtime initialized. {"cwd":"/Users/steve/Documents/Codes/unadn-app/functions","node_version":"16.14.0"} {"metadata":{"emulator":{"name":"functions"},"function":{"name":"us-central1-api"},"extension":{},"message":"[runtime-status] [4466] Functions runtime initialized. {\"cwd\":\"/Users/steve/Documents/Codes/unadn-app/functions\",\"node_version\":\"16.14.0\"}"}}
[debug] [2022-03-31T15:32:04.049Z] [runtime-status] [4466] Disabled runtime features: undefined {"metadata":{"emulator":{"name":"functions"},"function":{"name":"us-central1-api"},"extension":{},"message":"[runtime-status] [4466] Disabled runtime features: undefined"}}
[debug] [2022-03-31T15:32:04.054Z] [runtime-status] [4466] Resolved module firebase-admin {"declared":true,"installed":true,"version":"10.0.2","resolution":"/Users/steve/Documents/Codes/unadn-app/functions/node_modules/firebase-admin/lib/index.js"} {"metadata":{"emulator":{"name":"functions"},"function":{"name":"us-central1-api"},"extension":{},"message":"[runtime-status] [4466] Resolved module firebase-admin {\"declared\":true,\"installed\":true,\"version\":\"10.0.2\",\"resolution\":\"/Users/steve/Documents/Codes/unadn-app/functions/node_modules/firebase-admin/lib/index.js\"}"}}
[debug] [2022-03-31T15:32:04.056Z] [runtime-status] [4466] Resolved module firebase-functions {"declared":true,"installed":true,"version":"3.19.0","resolution":"/Users/steve/Documents/Codes/unadn-app/functions/node_modules/firebase-functions/lib/index.js"} {"metadata":{"emulator":{"name":"functions"},"function":{"name":"us-central1-api"},"extension":{},"message":"[runtime-status] [4466] Resolved module firebase-functions {\"declared\":true,\"installed\":true,\"version\":\"3.19.0\",\"resolution\":\"/Users/steve/Documents/Codes/unadn-app/functions/node_modules/firebase-functions/lib/index.js\"}"}}
[debug] [2022-03-31T15:32:04.056Z] [runtime-status] [4466] Outgoing network have been stubbed. [{"name":"http","status":"mocked"},{"name":"http","status":"mocked"},{"name":"https","status":"mocked"},{"name":"https","status":"mocked"},{"name":"net","status":"mocked"}] {"metadata":{"emulator":{"name":"functions"},"function":{"name":"us-central1-api"},"extension":{},"message":"[runtime-status] [4466] Outgoing network have been stubbed. [{\"name\":\"http\",\"status\":\"mocked\"},{\"name\":\"http\",\"status\":\"mocked\"},{\"name\":\"https\",\"status\":\"mocked\"},{\"name\":\"https\",\"status\":\"mocked\"},{\"name\":\"net\",\"status\":\"mocked\"}]"}}
[debug] [2022-03-31T15:32:04.058Z] [runtime-status] [4466] Resolved module firebase-functions {"declared":true,"installed":true,"version":"3.19.0","resolution":"/Users/steve/Documents/Codes/unadn-app/functions/node_modules/firebase-functions/lib/index.js"} {"metadata":{"emulator":{"name":"functions"},"function":{"name":"us-central1-api"},"extension":{},"message":"[runtime-status] [4466] Resolved module firebase-functions {\"declared\":true,\"installed\":true,\"version\":\"3.19.0\",\"resolution\":\"/Users/steve/Documents/Codes/unadn-app/functions/node_modules/firebase-functions/lib/index.js\"}"}}
[debug] [2022-03-31T15:32:04.111Z] [runtime-status] [4466] Checked functions.config() {"config":{}} {"metadata":{"emulator":{"name":"functions"},"function":{"name":"us-central1-api"},"extension":{},"message":"[runtime-status] [4466] Checked functions.config() {\"config\":{}}"}}
[debug] [2022-03-31T15:32:04.112Z] [runtime-status] [4466] firebase-functions has been stubbed. {"functionsResolution":{"declared":true,"installed":true,"version":"3.19.0","resolution":"/Users/steve/Documents/Codes/unadn-app/functions/node_modules/firebase-functions/lib/index.js"}} {"metadata":{"emulator":{"name":"functions"},"function":{"name":"us-central1-api"},"extension":{},"message":"[runtime-status] [4466] firebase-functions has been stubbed. {\"functionsResolution\":{\"declared\":true,\"installed\":true,\"version\":\"3.19.0\",\"resolution\":\"/Users/steve/Documents/Codes/unadn-app/functions/node_modules/firebase-functions/lib/index.js\"}}"}}
[debug] [2022-03-31T15:32:04.113Z] [runtime-status] [4466] Resolved module firebase-functions {"declared":true,"installed":true,"version":"3.19.0","resolution":"/Users/steve/Documents/Codes/unadn-app/functions/node_modules/firebase-functions/lib/index.js"} {"metadata":{"emulator":{"name":"functions"},"function":{"name":"us-central1-api"},"extension":{},"message":"[runtime-status] [4466] Resolved module firebase-functions {\"declared\":true,\"installed\":true,\"version\":\"3.19.0\",\"resolution\":\"/Users/steve/Documents/Codes/unadn-app/functions/node_modules/firebase-functions/lib/index.js\"}"}}
[debug] [2022-03-31T15:32:04.116Z] [runtime-status] [4466] Resolved module firebase-admin {"declared":true,"installed":true,"version":"10.0.2","resolution":"/Users/steve/Documents/Codes/unadn-app/functions/node_modules/firebase-admin/lib/index.js"} {"metadata":{"emulator":{"name":"functions"},"function":{"name":"us-central1-api"},"extension":{},"message":"[runtime-status] [4466] Resolved module firebase-admin {\"declared\":true,\"installed\":true,\"version\":\"10.0.2\",\"resolution\":\"/Users/steve/Documents/Codes/unadn-app/functions/node_modules/firebase-admin/lib/index.js\"}"}}
[debug] [2022-03-31T15:32:04.117Z] [runtime-status] [4466] Resolved module firebase-functions {"declared":true,"installed":true,"version":"3.19.0","resolution":"/Users/steve/Documents/Codes/unadn-app/functions/node_modules/firebase-functions/lib/index.js"} {"metadata":{"emulator":{"name":"functions"},"function":{"name":"us-central1-api"},"extension":{},"message":"[runtime-status] [4466] Resolved module firebase-functions {\"declared\":true,\"installed\":true,\"version\":\"3.19.0\",\"resolution\":\"/Users/steve/Documents/Codes/unadn-app/functions/node_modules/firebase-functions/lib/index.js\"}"}}
[debug] [2022-03-31T15:32:04.117Z] [runtime-status] [4466] firebase-admin has been stubbed. {"adminResolution":{"declared":true,"installed":true,"version":"10.0.2","resolution":"/Users/steve/Documents/Codes/unadn-app/functions/node_modules/firebase-admin/lib/index.js"}} {"metadata":{"emulator":{"name":"functions"},"function":{"name":"us-central1-api"},"extension":{},"message":"[runtime-status] [4466] firebase-admin has been stubbed. {\"adminResolution\":{\"declared\":true,\"installed\":true,\"version\":\"10.0.2\",\"resolution\":\"/Users/steve/Documents/Codes/unadn-app/functions/node_modules/firebase-admin/lib/index.js\"}}"}}
[debug] [2022-03-31T15:32:04.325Z] [runtime-status] [4466] Beginning invocation function api! {"metadata":{"emulator":{"name":"functions"},"function":{"name":"us-central1-api"},"extension":{},"message":"[runtime-status] [4466] Beginning invocation function api!"}}
[info] i  functions: Beginning execution of "api" {"metadata":{"emulator":{"name":"functions"},"function":{"name":"us-central1-api"},"extension":{},"message":"Beginning execution of \"api\""}}
[debug] [2022-03-31T15:32:04.326Z] [runtime-status] [4466] Running api in signature http {"metadata":{"emulator":{"name":"functions"},"function":{"name":"us-central1-api"},"extension":{},"message":"[runtime-status] [4466] Running api in signature http"}}
[debug] [2022-03-31T15:32:04.334Z] [runtime-status] [4466] Attempting to listen to socketPath: /var/folders/m5/f4578y3x11j557csg_f6fk080000gn/T/fire_emu_4466.sock {"metadata":{"emulator":{"name":"functions"},"function":{"name":"us-central1-api"},"extension":{},"message":"[runtime-status] [4466] Attempting to listen to socketPath: /var/folders/m5/f4578y3x11j557csg_f6fk080000gn/T/fire_emu_4466.sock"}}
[debug] [2022-03-31T15:32:04.340Z] [functions] Runtime ready! Sending request! {"metadata":{"emulator":{"name":"functions"},"message":"[functions] Runtime ready! Sending request!"}}
[debug] [2022-03-31T15:32:04.341Z] [functions] Got req.url=/unadn-ed7cc/us-central1/api/payments/create, mapping to path=/payments/create {"metadata":{"emulator":{"name":"functions"},"message":"[functions] Got req.url=/unadn-ed7cc/us-central1/api/payments/create, mapping to path=/payments/create"}}
[debug] [2022-03-31T15:32:04.371Z] [runtime-status] [4466] Ephemeral server handling POST request {"metadata":{"emulator":{"name":"functions"},"function":{"name":"us-central1-api"},"extension":{},"message":"[runtime-status] [4466] Ephemeral server handling POST request"}}
[debug] [2022-03-31T15:32:04.391Z] [runtime-status] [4466] Ephemeral server survived. {"metadata":{"emulator":{"name":"functions"},"function":{"name":"us-central1-api"},"extension":{},"message":"[runtime-status] [4466] Ephemeral server survived."}}
[info] i  functions: Finished "api" in ~1s {"metadata":{"emulator":{"name":"functions"},"function":{"name":"us-central1-api"},"extension":{},"message":"Finished \"api\" in ~1s"}}
[debug] [2022-03-31T15:32:05.301Z] [worker-us-central1-api-1ab145a1-22df-4c38-ab4c-9a48bfd17345]: IDLE {"metadata":{"emulator":{"name":"functions"},"message":"[worker-us-central1-api-1ab145a1-22df-4c38-ab4c-9a48bfd17345]: IDLE"}}
[debug] [2022-03-31T15:32:05.301Z] [work-queue] {"queueLength":0,"workRunningCount":0}
[debug] [2022-03-31T15:34:50.453Z] [work-queue] {"queueLength":1,"workRunningCount":0}
[debug] [2022-03-31T15:34:50.454Z] [work-queue] {"queueLength":0,"workRunningCount":1}
[debug] [2022-03-31T15:34:50.454Z] Accepted request OPTIONS /unadn-ed7cc/us-central1/api/payments/create --> us-central1-api
[debug] [2022-03-31T15:34:50.454Z] [worker-pool] submitWork(triggerId=us-central1-api) {"metadata":{"emulator":{"name":"functions"},"message":"[worker-pool] submitWork(triggerId=us-central1-api)"}}
[debug] [2022-03-31T15:34:50.454Z] [worker-us-central1-api-a3a0a6f0-0b9a-40a3-a08f-de62d8e2d7fa]: Assigning socketPath: /var/folders/m5/f4578y3x11j557csg_f6fk080000gn/T/fire_emu_4465.sock {"metadata":{"emulator":{"name":"functions"},"message":"[worker-us-central1-api-a3a0a6f0-0b9a-40a3-a08f-de62d8e2d7fa]: Assigning socketPath: /var/folders/m5/f4578y3x11j557csg_f6fk080000gn/T/fire_emu_4465.sock"}}
[debug] [2022-03-31T15:34:50.454Z] [worker-us-central1-api-a3a0a6f0-0b9a-40a3-a08f-de62d8e2d7fa]: BUSY {"metadata":{"emulator":{"name":"functions"},"message":"[worker-us-central1-api-a3a0a6f0-0b9a-40a3-a08f-de62d8e2d7fa]: BUSY"}}
[debug] [2022-03-31T15:34:50.455Z] [runtime-status] [4465] Beginning invocation function api! {"metadata":{"emulator":{"name":"functions"},"function":{"name":"us-central1-api"},"extension":{},"message":"[runtime-status] [4465] Beginning invocation function api!"}}
[info] i  functions: Beginning execution of "api" {"metadata":{"emulator":{"name":"functions"},"function":{"name":"us-central1-api"},"extension":{},"message":"Beginning execution of \"api\""}}
[debug] [2022-03-31T15:34:50.456Z] [runtime-status] [4465] Running api in signature http {"metadata":{"emulator":{"name":"functions"},"function":{"name":"us-central1-api"},"extension":{},"message":"[runtime-status] [4465] Running api in signature http"}}
[debug] [2022-03-31T15:34:50.457Z] [runtime-status] [4465] Attempting to listen to socketPath: /var/folders/m5/f4578y3x11j557csg_f6fk080000gn/T/fire_emu_4465.sock {"metadata":{"emulator":{"name":"functions"},"function":{"name":"us-central1-api"},"extension":{},"message":"[runtime-status] [4465] Attempting to listen to socketPath: /var/folders/m5/f4578y3x11j557csg_f6fk080000gn/T/fire_emu_4465.sock"}}
[debug] [2022-03-31T15:34:50.460Z] [functions] Runtime ready! Sending request! {"metadata":{"emulator":{"name":"functions"},"message":"[functions] Runtime ready! Sending request!"}}
[debug] [2022-03-31T15:34:50.461Z] [functions] Got req.url=/unadn-ed7cc/us-central1/api/payments/create, mapping to path=/payments/create {"metadata":{"emulator":{"name":"functions"},"message":"[functions] Got req.url=/unadn-ed7cc/us-central1/api/payments/create, mapping to path=/payments/create"}}
[debug] [2022-03-31T15:34:50.465Z] [runtime-status] [4465] Ephemeral server handling OPTIONS request {"metadata":{"emulator":{"name":"functions"},"function":{"name":"us-central1-api"},"extension":{},"message":"[runtime-status] [4465] Ephemeral server handling OPTIONS request"}}
[debug] [2022-03-31T15:34:50.471Z] [work-queue] {"queueLength":1,"workRunningCount":1}
[debug] [2022-03-31T15:34:50.471Z] [work-queue] {"queueLength":0,"workRunningCount":2}
[debug] [2022-03-31T15:34:50.472Z] Accepted request POST /unadn-ed7cc/us-central1/api/payments/create --> us-central1-api
[debug] [2022-03-31T15:34:50.472Z] [worker-pool] submitWork(triggerId=us-central1-api) {"metadata":{"emulator":{"name":"functions"},"message":"[worker-pool] submitWork(triggerId=us-central1-api)"}}
[debug] [2022-03-31T15:34:50.472Z] [worker-us-central1-api-1ab145a1-22df-4c38-ab4c-9a48bfd17345]: Assigning socketPath: /var/folders/m5/f4578y3x11j557csg_f6fk080000gn/T/fire_emu_4466.sock {"metadata":{"emulator":{"name":"functions"},"message":"[worker-us-central1-api-1ab145a1-22df-4c38-ab4c-9a48bfd17345]: Assigning socketPath: /var/folders/m5/f4578y3x11j557csg_f6fk080000gn/T/fire_emu_4466.sock"}}
[debug] [2022-03-31T15:34:50.472Z] [worker-us-central1-api-1ab145a1-22df-4c38-ab4c-9a48bfd17345]: BUSY {"metadata":{"emulator":{"name":"functions"},"message":"[worker-us-central1-api-1ab145a1-22df-4c38-ab4c-9a48bfd17345]: BUSY"}}
[debug] [2022-03-31T15:34:50.473Z] [runtime-status] [4465] Ephemeral server survived. {"metadata":{"emulator":{"name":"functions"},"function":{"name":"us-central1-api"},"extension":{},"message":"[runtime-status] [4465] Ephemeral server survived."}}
[info] i  functions: Finished "api" in ~1s {"metadata":{"emulator":{"name":"functions"},"function":{"name":"us-central1-api"},"extension":{},"message":"Finished \"api\" in ~1s"}}
[debug] [2022-03-31T15:34:50.473Z] [worker-us-central1-api-a3a0a6f0-0b9a-40a3-a08f-de62d8e2d7fa]: IDLE {"metadata":{"emulator":{"name":"functions"},"message":"[worker-us-central1-api-a3a0a6f0-0b9a-40a3-a08f-de62d8e2d7fa]: IDLE"}}
[debug] [2022-03-31T15:34:50.474Z] [work-queue] {"queueLength":0,"workRunningCount":1}
[debug] [2022-03-31T15:34:50.474Z] [runtime-status] [4466] Beginning invocation function api! {"metadata":{"emulator":{"name":"functions"},"function":{"name":"us-central1-api"},"extension":{},"message":"[runtime-status] [4466] Beginning invocation function api!"}}
[info] i  functions: Beginning execution of "api" {"metadata":{"emulator":{"name":"functions"},"function":{"name":"us-central1-api"},"extension":{},"message":"Beginning execution of \"api\""}}
[debug] [2022-03-31T15:34:50.475Z] [runtime-status] [4466] Running api in signature http {"metadata":{"emulator":{"name":"functions"},"function":{"name":"us-central1-api"},"extension":{},"message":"[runtime-status] [4466] Running api in signature http"}}
[debug] [2022-03-31T15:34:50.476Z] [runtime-status] [4466] Attempting to listen to socketPath: /var/folders/m5/f4578y3x11j557csg_f6fk080000gn/T/fire_emu_4466.sock {"metadata":{"emulator":{"name":"functions"},"function":{"name":"us-central1-api"},"extension":{},"message":"[runtime-status] [4466] Attempting to listen to socketPath: /var/folders/m5/f4578y3x11j557csg_f6fk080000gn/T/fire_emu_4466.sock"}}
[debug] [2022-03-31T15:34:50.482Z] [functions] Runtime ready! Sending request! {"metadata":{"emulator":{"name":"functions"},"message":"[functions] Runtime ready! Sending request!"}}
[debug] [2022-03-31T15:34:50.482Z] [functions] Got req.url=/unadn-ed7cc/us-central1/api/payments/create, mapping to path=/payments/create {"metadata":{"emulator":{"name":"functions"},"message":"[functions] Got req.url=/unadn-ed7cc/us-central1/api/payments/create, mapping to path=/payments/create"}}
[debug] [2022-03-31T15:34:50.487Z] [runtime-status] [4466] Ephemeral server handling POST request {"metadata":{"emulator":{"name":"functions"},"function":{"name":"us-central1-api"},"extension":{},"message":"[runtime-status] [4466] Ephemeral server handling POST request"}}
[debug] [2022-03-31T15:34:50.491Z] [runtime-status] [4466] Ephemeral server survived. {"metadata":{"emulator":{"name":"functions"},"function":{"name":"us-central1-api"},"extension":{},"message":"[runtime-status] [4466] Ephemeral server survived."}}
[info] i  functions: Finished "api" in ~1s {"metadata":{"emulator":{"name":"functions"},"function":{"name":"us-central1-api"},"extension":{},"message":"Finished \"api\" in ~1s"}}
[debug] [2022-03-31T15:34:51.441Z] [worker-us-central1-api-1ab145a1-22df-4c38-ab4c-9a48bfd17345]: IDLE {"metadata":{"emulator":{"name":"functions"},"message":"[worker-us-central1-api-1ab145a1-22df-4c38-ab4c-9a48bfd17345]: IDLE"}}
[debug] [2022-03-31T15:34:51.441Z] [work-queue] {"queueLength":0,"workRunningCount":0}
[debug] [2022-03-31T15:36:30.365Z] [work-queue] {"queueLength":1,"workRunningCount":0}
[debug] [2022-03-31T15:36:30.365Z] [work-queue] {"queueLength":0,"workRunningCount":1}
[debug] [2022-03-31T15:36:30.366Z] Accepted request GET /unadn-ed7cc/us-central1/api --> us-central1-api
[debug] [2022-03-31T15:36:30.366Z] [worker-pool] submitWork(triggerId=us-central1-api) {"metadata":{"emulator":{"name":"functions"},"message":"[worker-pool] submitWork(triggerId=us-central1-api)"}}
[debug] [2022-03-31T15:36:30.366Z] [worker-us-central1-api-a3a0a6f0-0b9a-40a3-a08f-de62d8e2d7fa]: Assigning socketPath: /var/folders/m5/f4578y3x11j557csg_f6fk080000gn/T/fire_emu_4465.sock {"metadata":{"emulator":{"name":"functions"},"message":"[worker-us-central1-api-a3a0a6f0-0b9a-40a3-a08f-de62d8e2d7fa]: Assigning socketPath: /var/folders/m5/f4578y3x11j557csg_f6fk080000gn/T/fire_emu_4465.sock"}}
[debug] [2022-03-31T15:36:30.366Z] [worker-us-central1-api-a3a0a6f0-0b9a-40a3-a08f-de62d8e2d7fa]: BUSY {"metadata":{"emulator":{"name":"functions"},"message":"[worker-us-central1-api-a3a0a6f0-0b9a-40a3-a08f-de62d8e2d7fa]: BUSY"}}
[debug] [2022-03-31T15:36:30.372Z] [runtime-status] [4465] Beginning invocation function api! {"metadata":{"emulator":{"name":"functions"},"function":{"name":"us-central1-api"},"extension":{},"message":"[runtime-status] [4465] Beginning invocation function api!"}}
[info] i  functions: Beginning execution of "api" {"metadata":{"emulator":{"name":"functions"},"function":{"name":"us-central1-api"},"extension":{},"message":"Beginning execution of \"api\""}}
[debug] [2022-03-31T15:36:30.375Z] [runtime-status] [4465] Running api in signature http {"metadata":{"emulator":{"name":"functions"},"function":{"name":"us-central1-api"},"extension":{},"message":"[runtime-status] [4465] Running api in signature http"}}
[debug] [2022-03-31T15:36:30.375Z] [runtime-status] [4465] Attempting to listen to socketPath: /var/folders/m5/f4578y3x11j557csg_f6fk080000gn/T/fire_emu_4465.sock {"metadata":{"emulator":{"name":"functions"},"function":{"name":"us-central1-api"},"extension":{},"message":"[runtime-status] [4465] Attempting to listen to socketPath: /var/folders/m5/f4578y3x11j557csg_f6fk080000gn/T/fire_emu_4465.sock"}}
[debug] [2022-03-31T15:36:30.377Z] [functions] Runtime ready! Sending request! {"metadata":{"emulator":{"name":"functions"},"message":"[functions] Runtime ready! Sending request!"}}
[debug] [2022-03-31T15:36:30.378Z] [functions] Got req.url=/unadn-ed7cc/us-central1/api, mapping to path=/ {"metadata":{"emulator":{"name":"functions"},"message":"[functions] Got req.url=/unadn-ed7cc/us-central1/api, mapping to path=/"}}
[debug] [2022-03-31T15:36:30.386Z] [runtime-status] [4465] Ephemeral server handling GET request {"metadata":{"emulator":{"name":"functions"},"function":{"name":"us-central1-api"},"extension":{},"message":"[runtime-status] [4465] Ephemeral server handling GET request"}}
[debug] [2022-03-31T15:36:30.392Z] [runtime-status] [4465] Ephemeral server survived. {"metadata":{"emulator":{"name":"functions"},"function":{"name":"us-central1-api"},"extension":{},"message":"[runtime-status] [4465] Ephemeral server survived."}}
[info] i  functions: Finished "api" in ~1s {"metadata":{"emulator":{"name":"functions"},"function":{"name":"us-central1-api"},"extension":{},"message":"Finished \"api\" in ~1s"}}
[debug] [2022-03-31T15:36:30.396Z] [worker-us-central1-api-a3a0a6f0-0b9a-40a3-a08f-de62d8e2d7fa]: IDLE {"metadata":{"emulator":{"name":"functions"},"message":"[worker-us-central1-api-a3a0a6f0-0b9a-40a3-a08f-de62d8e2d7fa]: IDLE"}}
[debug] [2022-03-31T15:36:30.396Z] [work-queue] {"queueLength":0,"workRunningCount":0}
[debug] [2022-03-31T15:36:30.547Z] Functions emulator received unknown request at path /favicon.ico
[debug] [2022-03-31T15:46:59.929Z] [work-queue] {"queueLength":1,"workRunningCount":0}
[debug] [2022-03-31T15:46:59.929Z] [work-queue] {"queueLength":0,"workRunningCount":1}
[debug] [2022-03-31T15:46:59.929Z] Accepted request OPTIONS /unadn-ed7cc/us-central1/api/payments/create --> us-central1-api
[debug] [2022-03-31T15:46:59.929Z] [worker-pool] submitWork(triggerId=us-central1-api) {"metadata":{"emulator":{"name":"functions"},"message":"[worker-pool] submitWork(triggerId=us-central1-api)"}}
[debug] [2022-03-31T15:46:59.930Z] [worker-us-central1-api-a3a0a6f0-0b9a-40a3-a08f-de62d8e2d7fa]: Assigning socketPath: /var/folders/m5/f4578y3x11j557csg_f6fk080000gn/T/fire_emu_4465.sock {"metadata":{"emulator":{"name":"functions"},"message":"[worker-us-central1-api-a3a0a6f0-0b9a-40a3-a08f-de62d8e2d7fa]: Assigning socketPath: /var/folders/m5/f4578y3x11j557csg_f6fk080000gn/T/fire_emu_4465.sock"}}
[debug] [2022-03-31T15:46:59.930Z] [worker-us-central1-api-a3a0a6f0-0b9a-40a3-a08f-de62d8e2d7fa]: BUSY {"metadata":{"emulator":{"name":"functions"},"message":"[worker-us-central1-api-a3a0a6f0-0b9a-40a3-a08f-de62d8e2d7fa]: BUSY"}}
[debug] [2022-03-31T15:46:59.931Z] [runtime-status] [4465] Beginning invocation function api! {"metadata":{"emulator":{"name":"functions"},"function":{"name":"us-central1-api"},"extension":{},"message":"[runtime-status] [4465] Beginning invocation function api!"}}
[info] i  functions: Beginning execution of "api" {"metadata":{"emulator":{"name":"functions"},"function":{"name":"us-central1-api"},"extension":{},"message":"Beginning execution of \"api\""}}
[debug] [2022-03-31T15:46:59.932Z] [runtime-status] [4465] Running api in signature http {"metadata":{"emulator":{"name":"functions"},"function":{"name":"us-central1-api"},"extension":{},"message":"[runtime-status] [4465] Running api in signature http"}}
[debug] [2022-03-31T15:46:59.932Z] [runtime-status] [4465] Attempting to listen to socketPath: /var/folders/m5/f4578y3x11j557csg_f6fk080000gn/T/fire_emu_4465.sock {"metadata":{"emulator":{"name":"functions"},"function":{"name":"us-central1-api"},"extension":{},"message":"[runtime-status] [4465] Attempting to listen to socketPath: /var/folders/m5/f4578y3x11j557csg_f6fk080000gn/T/fire_emu_4465.sock"}}
[debug] [2022-03-31T15:46:59.936Z] [functions] Runtime ready! Sending request! {"metadata":{"emulator":{"name":"functions"},"message":"[functions] Runtime ready! Sending request!"}}
[debug] [2022-03-31T15:46:59.936Z] [functions] Got req.url=/unadn-ed7cc/us-central1/api/payments/create, mapping to path=/payments/create {"metadata":{"emulator":{"name":"functions"},"message":"[functions] Got req.url=/unadn-ed7cc/us-central1/api/payments/create, mapping to path=/payments/create"}}
[debug] [2022-03-31T15:46:59.942Z] [runtime-status] [4465] Ephemeral server handling OPTIONS request {"metadata":{"emulator":{"name":"functions"},"function":{"name":"us-central1-api"},"extension":{},"message":"[runtime-status] [4465] Ephemeral server handling OPTIONS request"}}
[debug] [2022-03-31T15:46:59.943Z] [runtime-status] [4465] Ephemeral server survived. {"metadata":{"emulator":{"name":"functions"},"function":{"name":"us-central1-api"},"extension":{},"message":"[runtime-status] [4465] Ephemeral server survived."}}
[debug] [2022-03-31T15:46:59.947Z] [work-queue] {"queueLength":1,"workRunningCount":1}
[debug] [2022-03-31T15:46:59.947Z] [work-queue] {"queueLength":0,"workRunningCount":2}
[debug] [2022-03-31T15:46:59.947Z] Accepted request POST /unadn-ed7cc/us-central1/api/payments/create --> us-central1-api
[debug] [2022-03-31T15:46:59.948Z] [worker-pool] submitWork(triggerId=us-central1-api) {"metadata":{"emulator":{"name":"functions"},"message":"[worker-pool] submitWork(triggerId=us-central1-api)"}}
[debug] [2022-03-31T15:46:59.948Z] [worker-us-central1-api-1ab145a1-22df-4c38-ab4c-9a48bfd17345]: Assigning socketPath: /var/folders/m5/f4578y3x11j557csg_f6fk080000gn/T/fire_emu_4466.sock {"metadata":{"emulator":{"name":"functions"},"message":"[worker-us-central1-api-1ab145a1-22df-4c38-ab4c-9a48bfd17345]: Assigning socketPath: /var/folders/m5/f4578y3x11j557csg_f6fk080000gn/T/fire_emu_4466.sock"}}
[debug] [2022-03-31T15:46:59.948Z] [worker-us-central1-api-1ab145a1-22df-4c38-ab4c-9a48bfd17345]: BUSY {"metadata":{"emulator":{"name":"functions"},"message":"[worker-us-central1-api-1ab145a1-22df-4c38-ab4c-9a48bfd17345]: BUSY"}}
[info] i  functions: Finished "api" in ~1s {"metadata":{"emulator":{"name":"functions"},"function":{"name":"us-central1-api"},"extension":{},"message":"Finished \"api\" in ~1s"}}
[debug] [2022-03-31T15:46:59.952Z] [worker-us-central1-api-a3a0a6f0-0b9a-40a3-a08f-de62d8e2d7fa]: IDLE {"metadata":{"emulator":{"name":"functions"},"message":"[worker-us-central1-api-a3a0a6f0-0b9a-40a3-a08f-de62d8e2d7fa]: IDLE"}}
[debug] [2022-03-31T15:46:59.953Z] [work-queue] {"queueLength":0,"workRunningCount":1}
[debug] [2022-03-31T15:46:59.953Z] [runtime-status] [4466] Beginning invocation function api! {"metadata":{"emulator":{"name":"functions"},"function":{"name":"us-central1-api"},"extension":{},"message":"[runtime-status] [4466] Beginning invocation function api!"}}
[info] i  functions: Beginning execution of "api" {"metadata":{"emulator":{"name":"functions"},"function":{"name":"us-central1-api"},"extension":{},"message":"Beginning execution of \"api\""}}
[debug] [2022-03-31T15:46:59.954Z] [runtime-status] [4466] Running api in signature http {"metadata":{"emulator":{"name":"functions"},"function":{"name":"us-central1-api"},"extension":{},"message":"[runtime-status] [4466] Running api in signature http"}}
[debug] [2022-03-31T15:46:59.954Z] [runtime-status] [4466] Attempting to listen to socketPath: /var/folders/m5/f4578y3x11j557csg_f6fk080000gn/T/fire_emu_4466.sock {"metadata":{"emulator":{"name":"functions"},"function":{"name":"us-central1-api"},"extension":{},"message":"[runtime-status] [4466] Attempting to listen to socketPath: /var/folders/m5/f4578y3x11j557csg_f6fk080000gn/T/fire_emu_4466.sock"}}
[debug] [2022-03-31T15:46:59.957Z] [functions] Runtime ready! Sending request! {"metadata":{"emulator":{"name":"functions"},"message":"[functions] Runtime ready! Sending request!"}}
[debug] [2022-03-31T15:46:59.957Z] [functions] Got req.url=/unadn-ed7cc/us-central1/api/payments/create, mapping to path=/payments/create {"metadata":{"emulator":{"name":"functions"},"message":"[functions] Got req.url=/unadn-ed7cc/us-central1/api/payments/create, mapping to path=/payments/create"}}
[debug] [2022-03-31T15:46:59.961Z] [runtime-status] [4466] Ephemeral server handling POST request {"metadata":{"emulator":{"name":"functions"},"function":{"name":"us-central1-api"},"extension":{},"message":"[runtime-status] [4466] Ephemeral server handling POST request"}}
[debug] [2022-03-31T15:46:59.963Z] [runtime-status] [4466] Ephemeral server survived. {"metadata":{"emulator":{"name":"functions"},"function":{"name":"us-central1-api"},"extension":{},"message":"[runtime-status] [4466] Ephemeral server survived."}}
[info] i  functions: Finished "api" in ~1s {"metadata":{"emulator":{"name":"functions"},"function":{"name":"us-central1-api"},"extension":{},"message":"Finished \"api\" in ~1s"}}
[debug] [2022-03-31T15:47:00.609Z] [worker-us-central1-api-1ab145a1-22df-4c38-ab4c-9a48bfd17345]: IDLE {"metadata":{"emulator":{"name":"functions"},"message":"[worker-us-central1-api-1ab145a1-22df-4c38-ab4c-9a48bfd17345]: IDLE"}}
[debug] [2022-03-31T15:47:00.609Z] [work-queue] {"queueLength":0,"workRunningCount":0}
